<?xml version="1.0" encoding="utf-8"?><testsuites name="pytest tests"><testsuite name="pytest" errors="0" failures="0" skipped="0" tests="27" time="26.345" timestamp="2026-08-13T14:15:55.161692+05:30" hostname="DESKTOP-AED3QAG"><testcase classname="tests.test_analysis_service" name="test_risk_level_boundaries[20-Low]" time="0.004" /><testcase classname="tests.test_analysis_service" name="test_risk_level_boundaries[21-Medium]" time="0.001" /><testcase classname="tests.test_analysis_service" name="test_risk_level_boundaries[51-High]" time="0.003" /><testcase classname="tests.test_analysis_service" name="test_risk_level_boundaries[76-Critical]" time="0.002" /><testcase classname="tests.test_analysis_service" name="test_transaction_id_normalization" time="0.001" /><testcase classname="tests.test_analysis_service" name="test_merge_rule_ml_network_scores" time="0.001" /><testcase classname="tests.test_analysis_service" name="test_latest_completed_analysis_per_dataset" time="0.001" /><testcase classname="tests.test_analysis_service" name="test_csv_loading" time="0.054" /><testcase classname="tests.test_analysis_service" name="test_json_loading" time="0.023" /><testcase classname="tests.test_analysis_service" name="test_xlsx_loading" time="0.105" /><testcase classname="tests.test_analysis_service" name="test_unsupported_file_type_rejected" time="0.008" /><testcase classname="tests.test_copilot_network" name="test_copilot_sanitizes_internal_terms" time="0.004" /><testcase classname="tests.test_copilot_network" name="test_copilot_next_step_question_is_procedural" time="0.001" /><testcase classname="tests.test_copilot_network" name="test_network_route_uses_network_service" time="0.002" /><testcase classname="tests.test_ml_service" name="test_ml_small_dataset_returns_empty" time="0.004" /><testcase classname="tests.test_ml_service" name="test_ml_excludes_ids_and_labels" time="0.010" /><testcase classname="tests.test_ml_service" name="test_ml_deterministic_same_input" time="3.999" /><testcase classname="tests.test_ml_service" name="test_ml_output_has_ml_source" time="0.185" /><testcase classname="tests.test_rbac" name="test_dashboard_access_all_roles" time="0.001" /><testcase classname="tests.test_rbac" name="test_client_read_all_roles" time="0.001" /><testcase classname="tests.test_rbac" name="test_client_mutation_admin_only" time="0.002" /><testcase classname="tests.test_rbac" name="test_rule_mutation_admin_and_auditor" time="0.001" /><testcase classname="tests.test_rbac" name="test_dataset_mutation_admin_and_auditor" time="0.002" /><testcase classname="tests.test_rbac" name="test_analysis_execution_admin_and_auditor" time="0.002" /><testcase classname="tests.test_report_service" name="test_report_latest_completed_per_dataset" time="0.002" /><testcase classname="tests.test_report_service" name="test_report_client_scope_requires_client_id" time="0.001" /><testcase classname="tests.test_report_service" name="test_invalid_report_type_rejected" time="0.001" /></testsuite></testsuites>